
Showing logs for build [32mdibisis-express-hello-master-re-62dwz-2[0m stage [32mfrom-build-pack[0m and container [32mcredential-initializer[0m
{"level":"info","ts":1596936263.426198,"caller":"creds-init/main.go:44","msg":"Credentials initialized."}

Showing logs for build [32mdibisis-express-hello-master-re-62dwz-2[0m stage [32mfrom-build-pack[0m and container [32mworking-dir-initializer[0m

Showing logs for build [32mdibisis-express-hello-master-re-62dwz-2[0m stage [32mfrom-build-pack[0m and container [32mplace-tools[0m

Showing logs for build [32mdibisis-express-hello-master-re-62dwz-2[0m stage [32mfrom-build-pack[0m and container [32mstep-git-source-dibisis-express-hello-master-re-62dwz-mthn9[0m
{"level":"info","ts":1596936311.0954294,"caller":"git/git.go:105","msg":"Successfully cloned https://github.com/*******/express-hello.git @ v0.0.2 in path /workspace/source"}
{"level":"warn","ts":1596936311.0961945,"caller":"git/git.go:152","msg":"Unexpected error: creating symlink: symlink /tekton/home/.ssh /root/.ssh: file exists"}
{"level":"info","ts":1596936311.1410854,"caller":"git/git.go:133","msg":"Successfully initialized and updated submodules in path /workspace/source"}

Showing logs for build [32mdibisis-express-hello-master-re-62dwz-2[0m stage [32mfrom-build-pack[0m and container [32mstep-setup-builder-home[0m

Showing logs for build [32mdibisis-express-hello-master-re-62dwz-2[0m stage [32mfrom-build-pack[0m and container [32mstep-git-merge[0m
Using SHAs from PULL_REFS=master:c7a5cf86385cfefadd288219ff6c354abc500555
WARNING: no SHAs to merge, falling back to initial cloned commit

Showing logs for build [32mdibisis-express-hello-master-re-62dwz-2[0m stage [32mfrom-build-pack[0m and container [32mstep-setup-jx-git-credentials[0m
Generated Git credentials file /workspace/xdg_config/git/credentials

Showing logs for build [32mdibisis-express-hello-master-re-62dwz-2[0m stage [32mfrom-build-pack[0m and container [32mstep-build-npmrc[0m
WARNING: failed to find Secret npm-token in namespace **

Showing logs for build [32mdibisis-express-hello-master-re-62dwz-2[0m stage [32mfrom-build-pack[0m and container [32mstep-build-npm-install[0m
npm WARN express-hello@1.0.0 No repository field.

added 50 packages from 37 contributors and audited 50 packages in 1.413s
found 0 vulnerabilities


Showing logs for build [32mdibisis-express-hello-master-re-62dwz-2[0m stage [32mfrom-build-pack[0m and container [32mstep-build-npm-test[0m

> express-hello@1.0.0 test /workspace/source
> exit 0


Showing logs for build [32mdibisis-express-hello-master-re-62dwz-2[0m stage [32mfrom-build-pack[0m and container [32mstep-build-container-build[0m
E0809 01:25:19.564225      11 aws_credentials.go:77] while getting AWS credentials NoCredentialProviders: no valid providers in chain. Deprecated.
	For verbose messaging see aws.Config.CredentialsChainVerboseErrors
[36mINFO[0m[0001] Using dockerignore file: /workspace/source/.dockerignore 
[36mINFO[0m[0001] Retrieving image manifest node:9-slim        
E0809 01:25:20.362789      11 metadata.go:154] while reading 'google-dockercfg' metadata: http status code: 404 while fetching url http://metadata.google.internal./computeMetadata/v1/instance/attributes/google-dockercfg
E0809 01:25:20.366104      11 metadata.go:166] while reading 'google-dockercfg-url' metadata: http status code: 404 while fetching url http://metadata.google.internal./computeMetadata/v1/instance/attributes/google-dockercfg-url
[36mINFO[0m[0004] Retrieving image manifest node:9-slim        
[36mINFO[0m[0005] Built cross stage deps: map[]                
[36mINFO[0m[0005] Retrieving image manifest node:9-slim        
[36mINFO[0m[0007] Retrieving image manifest node:9-slim        
[36mINFO[0m[0009] Executing 0 build triggers                   
[36mINFO[0m[0009] cmd: EXPOSE                                  
[36mINFO[0m[0009] Adding exposed port: 8080/tcp                
[36mINFO[0m[0009] Checking for cached layer gcr.io/jenkins-x-285402/cache:8859867d1c83e936b3cd91e2e022d15630df0bcacca557621b49c483e210566e... 
[36mINFO[0m[0010] No cached layer found for cmd COPY . .       
[36mINFO[0m[0010] Unpacking rootfs as cmd COPY . . requires it. 
[36mINFO[0m[0017] ENV PORT 8080                                
[36mINFO[0m[0017] No files changed in this command, skipping snapshotting. 
[36mINFO[0m[0017] EXPOSE 8080                                  
[36mINFO[0m[0017] cmd: EXPOSE                                  
[36mINFO[0m[0017] Adding exposed port: 8080/tcp                
[36mINFO[0m[0017] No files changed in this command, skipping snapshotting. 
[36mINFO[0m[0017] WORKDIR /usr/src/app                         
[36mINFO[0m[0017] cmd: workdir                                 
[36mINFO[0m[0017] Changed working directory to /usr/src/app    
[36mINFO[0m[0017] Creating directory /usr/src/app              
[36mINFO[0m[0017] Resolving 1 paths                            
[36mINFO[0m[0017] Taking snapshot of files...                  
[36mINFO[0m[0017] COPY . .                                     
[36mINFO[0m[0017] Resolving 508 paths                          
[36mINFO[0m[0017] Taking snapshot of files...                  
[36mINFO[0m[0017] CMD ["npm", "start"]                         
[36mINFO[0m[0017] No files changed in this command, skipping snapshotting. 
[36mINFO[0m[0017] Pushing layer gcr.io/jenkins-x-285402/cache:8859867d1c83e936b3cd91e2e022d15630df0bcacca557621b49c483e210566e to cache now 

Showing logs for build [32mdibisis-express-hello-master-re-62dwz-2[0m stage [32mfrom-build-pack[0m and container [32mstep-build-post-build[0m
no CVE provider running in the current ** namespace so skip adding image to be analysed

Showing logs for build [32mdibisis-express-hello-master-re-62dwz-2[0m stage [32mfrom-build-pack[0m and container [32mstep-promote-changelog[0m
Converted /workspace/source/charts/express-hello to an unshallow repository
Generating change log from git ref eb3fb2b909801f93106b9b00e5f07e2c72633dd2 => c692771a78162cb817a33e4bd5e2361f3d1a8e20
Associating user ******* in users.jenkins.io with email *******@gmail.com to git GitProvider user with login *******-0 as emails match
Adding label jenkins.io/git-github-userid=*******-0 to user ******* in users.jenkins.io
Associating user ******* in users.jenkins.io with email *******@gmail.com to git GitProvider user with login *******-0 as emails match
Adding label jenkins.io/git-github-userid=*******-0 to user ******* in users.jenkins.io
Finding issues in commit messages using git format
WARNING: No release found for *******/express-hello and tag v0.0.2 so creating a new release
Updated the release information at https://github.com/*******/express-hello/releases/tag/v0.0.2
generated: /workspace/source/charts/express-hello/templates/release.yaml
Created Release express-hello-0-0-2 resource in namespace **
Updating PipelineActivity *******-express-hello-master-2 with version 0.0.2
Updated PipelineActivities *******-express-hello-master-2 with release notes URL: https://github.com/*******/express-hello/releases/tag/v0.0.2

Showing logs for build [32mdibisis-express-hello-master-re-62dwz-2[0m stage [32mfrom-build-pack[0m and container [32mstep-promote-helm-release[0m
WARNING: No $CHART_REPOSITORY defined so using the default value of: http://jenkins-x-chartmuseum:8080
Adding missing Helm repo: storage.googleapis.com https://storage.googleapis.com/chartmuseum.jenkins-x.io
Successfully added Helm repository storage.googleapis.com.
Adding missing Helm repo: jenkins-x-chartmuseum http://jenkins-x-chartmuseum:8080
Successfully added Helm repository jenkins-x-chartmuseum.
WARNING: No $CHART_REPOSITORY defined so using the default value of: http://jenkins-x-chartmuseum:8080
Uploading chart file express-hello-0.0.2.tgz to http://jenkins-x-chartmuseum:8080/api/charts
Received 201 response: {"saved":true}

Showing logs for build [32mdibisis-express-hello-master-re-62dwz-2[0m stage [32mfrom-build-pack[0m and container [32mstep-promote-jx-promote[0m
WARNING: prow based install so skip waiting for the merge of Pull Requests to go green as currently there is an issue with gettingstatuses from the PR, see https://github.com/jenkins-x/**/issues/2410
WARNING: No $CHART_REPOSITORY defined so using the default value of: http://jenkins-x-chartmuseum:8080
Promoting app express-hello version 0.0.2 to namespace **-staging
Created Pull Request: https://github.com/*******/environment-jenkinsx-staging/pull/3
Added label updatebot to Pull Request https://github.com/*******/environment-jenkinsx-staging/pull/3
got git provider status pending from PR https://github.com/*******/environment-jenkinsx-staging/pull/3
Pull Request https://github.com/*******/environment-jenkinsx-staging/pull/3 is merged at sha 72ee548028c895154d53c1af4e33e18a28d09e67
Pull Request merged but we are not waiting for the update pipeline to complete!
